<?xml version="1.0" encoding="UTF-8"?>
<!-- Generated by org.testng.reporters.JUnitReportReporter -->
<testsuite hostname="6c4008a04402" name="example.NewTest" tests="1" failures="0" timestamp="22 Nov 2016 15:44:47 GMT" time="14.392" errors="0">
  <testcase name="test_Home_Page_Appear_Correct" time="14.392" classname="example.NewTest"/>
</testsuite> <!-- example.NewTest -->
